<?xml version="1.0" encoding="UTF-8"?>
<testng-results ignored="0" total="4" passed="4" failed="0" skipped="0">
  <reporter-output>
  </reporter-output>
  <suite started-at="2022-06-02T16:17:46 PKT" name="All Test Suite" finished-at="2022-06-02T16:18:04 PKT" duration-ms="17698">
    <groups>
    </groups>
    <test started-at="2022-06-02T16:17:46 PKT" name="F:/IdeaProjects/Amazon" finished-at="2022-06-02T16:18:04 PKT" duration-ms="17698">
      <class name="Test.SamsungTVDetails">
        <test-method is-config="true" signature="readConfigurations()[pri:0, instance:Test.SamsungTVDetails@40d10481]" started-at="2022-06-02T16:17:28 PKT" name="readConfigurations" description="Read configurations" finished-at="2022-06-02T16:17:29 PKT" duration-ms="50" status="PASS">
          <reporter-output>
          </reporter-output>
        </test-method> <!-- readConfigurations -->
        <test-method is-config="true" signature="initiateWebDriver()[pri:0, instance:Test.SamsungTVDetails@40d10481]" started-at="2022-06-02T16:17:29 PKT" name="initiateWebDriver" description="initiate driver" finished-at="2022-06-02T16:17:39 PKT" depends-on-methods="Base.TestBase.readConfigurations" duration-ms="10195" status="PASS">
          <reporter-output>
          </reporter-output>
        </test-method> <!-- initiateWebDriver -->
        <test-method is-config="true" signature="openURL()[pri:0, instance:Test.SamsungTVDetails@40d10481]" started-at="2022-06-02T16:17:39 PKT" name="openURL" finished-at="2022-06-02T16:17:46 PKT" depends-on-methods="Base.TestBase.initiateWebDriver" duration-ms="7097" status="PASS">
          <reporter-output>
          </reporter-output>
        </test-method> <!-- openURL -->
        <test-method is-config="true" signature="setUpTests()[pri:0, instance:Test.SamsungTVDetails@40d10481]" started-at="2022-06-02T16:17:46 PKT" name="setUpTests" finished-at="2022-06-02T16:17:54 PKT" duration-ms="8658" status="PASS">
          <reporter-output>
          </reporter-output>
        </test-method> <!-- setUpTests -->
        <test-method signature="recordsFiltered()[pri:0, instance:Test.SamsungTVDetails@40d10481]" started-at="2022-06-02T16:17:55 PKT" name="recordsFiltered" description="Verify if the records filtered are more than 0" finished-at="2022-06-02T16:17:55 PKT" duration-ms="249" status="PASS">
          <reporter-output>
          </reporter-output>
        </test-method> <!-- recordsFiltered -->
        <test-method signature="clickRecord()[pri:1, instance:Test.SamsungTVDetails@40d10481]" started-at="2022-06-02T16:17:55 PKT" name="clickRecord" description="Click on the second highest record to check the details" finished-at="2022-06-02T16:17:56 PKT" duration-ms="1029" status="PASS">
          <reporter-output>
          </reporter-output>
        </test-method> <!-- clickRecord -->
        <test-method signature="switchTab()[pri:2, instance:Test.SamsungTVDetails@40d10481]" started-at="2022-06-02T16:17:56 PKT" name="switchTab" description="Switch to newly opened tab" finished-at="2022-06-02T16:17:56 PKT" duration-ms="196" status="PASS">
          <reporter-output>
          </reporter-output>
        </test-method> <!-- switchTab -->
        <test-method signature="aboutThisItemAvailable()[pri:3, instance:Test.SamsungTVDetails@40d10481]" started-at="2022-06-02T16:17:56 PKT" name="aboutThisItemAvailable" description="Verify the &#039;About This Item&#039; is available" finished-at="2022-06-02T16:18:04 PKT" duration-ms="7209" status="PASS">
          <reporter-output>
          </reporter-output>
        </test-method> <!-- aboutThisItemAvailable -->
        <test-method is-config="true" signature="closeBrowser()[pri:0, instance:Test.SamsungTVDetails@40d10481]" started-at="2022-06-02T16:18:04 PKT" name="closeBrowser" finished-at="2022-06-02T16:18:04 PKT" duration-ms="481" status="PASS">
          <reporter-output>
          </reporter-output>
        </test-method> <!-- closeBrowser -->
      </class> <!-- Test.SamsungTVDetails -->
    </test> <!-- F:/IdeaProjects/Amazon -->
  </suite> <!-- All Test Suite -->
</testng-results>
